[    0.000000] Initializing cgroup subsys cpuset
[    0.000000] Initializing cgroup subsys cpu
[    0.000000] Initializing cgroup subsys cpuacct
[    0.000000] Linux version 4.4.0-194-generic (buildd@lcy01-amd64-020) (gcc version 5.4.0 20160609 (Ubuntu 5.4.0-6ubuntu1~16.04.12) ) #226-Ubuntu SMP Wed Oct 21 10:19:36 UTC 2020 (Ubuntu 4.4.0-194.226-generic 4.4.236)
[    0.000000] Command line: BOOT_IMAGE=/boot/vmlinuz-4.4.0-194-generic root=LABEL=cloudimg-rootfs ro console=tty1 console=ttyS0
[    0.000000] KERNEL supported cpus:
[    0.000000]   Intel GenuineIntel
[    0.000000]   AMD AuthenticAMD
[    0.000000]   Centaur CentaurHauls
[    0.000000] x86/fpu: Legacy x87 FPU detected.
[    0.000000] e820: BIOS-provided physical RAM map:
[    0.000000] BIOS-e820: [mem 0x0000000000000000-0x000000000009fbff] usable
[    0.000000] BIOS-e820: [mem 0x000000000009fc00-0x000000000009ffff] reserved
[    0.000000] BIOS-e820: [mem 0x00000000000f0000-0x00000000000fffff] reserved
[    0.000000] BIOS-e820: [mem 0x0000000000100000-0x000000003ffeffff] usable
[    0.000000] BIOS-e820: [mem 0x000000003fff0000-0x000000003fffffff] ACPI data
[    0.000000] BIOS-e820: [mem 0x00000000fec00000-0x00000000fec00fff] reserved
[    0.000000] BIOS-e820: [mem 0x00000000fee00000-0x00000000fee00fff] reserved
[    0.000000] BIOS-e820: [mem 0x00000000fffc0000-0x00000000ffffffff] reserved
[    0.000000] NX (Execute Disable) protection: active
[    0.000000] SMBIOS 2.5 present.
[    0.000000] Hypervisor detected: KVM
[    0.000000] e820: last_pfn = 0x3fff0 max_arch_pfn = 0x400000000
[    0.000000] MTRR: Disabled
[    0.000000] x86/PAT: MTRRs disabled, skipping PAT initialization too.
[    0.000000] CPU MTRRs all blank - virtualized system.
[    0.000000] x86/PAT: Configuration [0-7]: WB  WT  UC- UC  WB  WT  UC- UC  
[    0.000000] found SMP MP-table at [mem 0x0009fff0-0x0009ffff] mapped at [ffff88000009fff0]
[    0.000000] Scanning 1 areas for low memory corruption
[    0.000000] RAMDISK: [mem 0x362e0000-0x37167fff]
[    0.000000] ACPI: Early table checksum verification disabled
[    0.000000] ACPI: RSDP 0x00000000000E0000 000024 (v02 VBOX  )
[    0.000000] ACPI: XSDT 0x000000003FFF0030 00003C (v01 VBOX   VBOXXSDT 00000001 ASL  00000061)
[    0.000000] ACPI: FACP 0x000000003FFF00F0 0000F4 (v04 VBOX   VBOXFACP 00000001 ASL  00000061)
[    0.000000] ACPI: DSDT 0x000000003FFF0470 002325 (v02 VBOX   VBOXBIOS 00000002 INTL 20100528)
[    0.000000] ACPI: FACS 0x000000003FFF0200 000040
[    0.000000] ACPI: FACS 0x000000003FFF0200 000040
[    0.000000] ACPI: APIC 0x000000003FFF0240 00005C (v02 VBOX   VBOXAPIC 00000001 ASL  00000061)
[    0.000000] ACPI: SSDT 0x000000003FFF02A0 0001CC (v01 VBOX   VBOXCPUT 00000002 INTL 20100528)
[    0.000000] No NUMA configuration found
[    0.000000] Faking a node at [mem 0x0000000000000000-0x000000003ffeffff]
[    0.000000] NODE_DATA(0) allocated [mem 0x3ffeb000-0x3ffeffff]
[    0.000000] kvm-clock: Using msrs 4b564d01 and 4b564d00
[    0.000000] kvm-clock: cpu 0, msr 0:3ffe3001, primary cpu clock
[    0.000000] kvm-clock: using sched offset of 8654993947 cycles
[    0.000000] clocksource: kvm-clock: mask: 0xffffffffffffffff max_cycles: 0x1cd42e4dffb, max_idle_ns: 881590591483 ns
[    0.000000] Zone ranges:
[    0.000000]   DMA      [mem 0x0000000000001000-0x0000000000ffffff]
[    0.000000]   DMA32    [mem 0x0000000001000000-0x000000003ffeffff]
[    0.000000]   Normal   empty
[    0.000000]   Device   empty
[    0.000000] Movable zone start for each node
[    0.000000] Early memory node ranges
[    0.000000]   node   0: [mem 0x0000000000001000-0x000000000009efff]
[    0.000000]   node   0: [mem 0x0000000000100000-0x000000003ffeffff]
[    0.000000] Initmem setup node 0 [mem 0x0000000000001000-0x000000003ffeffff]
[    0.000000] ACPI: PM-Timer IO Port: 0x4008
[    0.000000] IOAPIC[0]: apic_id 2, version 32, address 0xfec00000, GSI 0-23
[    0.000000] ACPI: INT_SRC_OVR (bus 0 bus_irq 0 global_irq 2 dfl dfl)
[    0.000000] ACPI: INT_SRC_OVR (bus 0 bus_irq 9 global_irq 9 low level)
[    0.000000] Using ACPI (MADT) for SMP configuration information
[    0.000000] smpboot: Allowing 2 CPUs, 0 hotplug CPUs
[    0.000000] PM: Registered nosave memory: [mem 0x00000000-0x00000fff]
[    0.000000] PM: Registered nosave memory: [mem 0x0009f000-0x0009ffff]
[    0.000000] PM: Registered nosave memory: [mem 0x000a0000-0x000effff]
[    0.000000] PM: Registered nosave memory: [mem 0x000f0000-0x000fffff]
[    0.000000] e820: [mem 0x40000000-0xfebfffff] available for PCI devices
[    0.000000] Booting paravirtualized kernel on KVM
[    0.000000] clocksource: refined-jiffies: mask: 0xffffffff max_cycles: 0xffffffff, max_idle_ns: 7645519600211568 ns
[    0.000000] setup_percpu: NR_CPUS:512 nr_cpumask_bits:512 nr_cpu_ids:2 nr_node_ids:1
[    0.000000] PERCPU: Embedded 33 pages/cpu @ffff88003fc00000 s95512 r8192 d31464 u1048576
[    0.000000] Built 1 zonelists in Node order, mobility grouping on.  Total pages: 257912
[    0.000000] Policy zone: DMA32
[    0.000000] Kernel command line: BOOT_IMAGE=/boot/vmlinuz-4.4.0-194-generic root=LABEL=cloudimg-rootfs ro console=tty1 console=ttyS0
[    0.000000] PID hash table entries: 4096 (order: 3, 32768 bytes)
[    0.000000] Memory: 997664K/1048120K available (8640K kernel code, 1337K rwdata, 4040K rodata, 1492K init, 1296K bss, 50456K reserved, 0K cma-reserved)
[    0.000000] SLUB: HWalign=64, Order=0-3, MinObjects=0, CPUs=2, Nodes=1
[    0.000000] Kernel/User page tables isolation: enabled
[    0.000000] Hierarchical RCU implementation.
[    0.000000] 	Build-time adjustment of leaf fanout to 64.
[    0.000000] 	RCU restricting CPUs from NR_CPUS=512 to nr_cpu_ids=2.
[    0.000000] RCU: Adjusting geometry for rcu_fanout_leaf=64, nr_cpu_ids=2
[    0.000000] NR_IRQS:33024 nr_irqs:440 16
[    0.000000] Console: colour VGA+ 80x25
[    0.000000] console [tty1] enabled
[    0.000000] console [ttyS0] enabled
[    0.000000] tsc: Detected 1599.947 MHz processor
[    1.636518] Calibrating delay loop (skipped) preset value.. 3199.89 BogoMIPS (lpj=6399788)
[    1.659794] pid_max: default: 32768 minimum: 301
[    1.673659] ACPI: Core revision 20150930
[    1.687413] ACPI: 2 ACPI AML tables successfully acquired and loaded
[    1.707873] Security Framework initialized
[    1.721042] Yama: becoming mindful.
[    1.730952] AppArmor: AppArmor initialized
[    1.743933] Dentry cache hash table entries: 131072 (order: 8, 1048576 bytes)
[    1.776686] Inode-cache hash table entries: 65536 (order: 7, 524288 bytes)
[    1.803625] Mount-cache hash table entries: 2048 (order: 2, 16384 bytes)
[    1.822257] Mountpoint-cache hash table entries: 2048 (order: 2, 16384 bytes)
[    1.846192] Initializing cgroup subsys io
[    1.856981] Initializing cgroup subsys memory
[    1.867731] Initializing cgroup subsys devices
[    1.881073] Initializing cgroup subsys freezer
[    1.893265] Initializing cgroup subsys net_cls
[    1.905001] Initializing cgroup subsys perf_event
[    1.917711] Initializing cgroup subsys net_prio
[    1.931450] Initializing cgroup subsys hugetlb
[    1.942922] Initializing cgroup subsys pids
[    1.954792] mce: CPU supports 0 MCE banks
[    1.966426] Last level iTLB entries: 4KB 48, 2MB 0, 4MB 0
[    1.980203] Last level dTLB entries: 4KB 256, 2MB 16, 4MB 16, 1GB 0
[    1.998920] Spectre V1 : Mitigation: usercopy/swapgs barriers and __user pointer sanitization
[    2.022545] Spectre V2 : Mitigation: Full generic retpoline
[    2.037698] Spectre V2 : Spectre v2 / SpectreRSB mitigation: Filling RSB on context switch
[    2.061150] MDS: Vulnerable: Clear CPU buffers attempted, no microcode
[    2.145380] Freeing SMP alternatives memory: 36K
[    2.306872] ftrace: allocating 32346 entries in 127 pages
[    4.153377] smpboot: APIC(0) Converting physical 0 to logical package 0
[    4.175679] smpboot: Max logical packages: 1
[    4.237012] ..TIMER: vector=0x30 apic1=0 pin1=2 apic2=-1 pin2=-1
[    4.362276] APIC calibration not consistent with PM-Timer: 106ms instead of 100ms
[    4.383656] APIC delta adjusted to PM-Timer: 6378148 (6815749)
[    4.402956] smpboot: CPU0: Intel(R) Pentium(R) CPU  N3710  @ 1.60GHz (family: 0x6, model: 0x4c, stepping: 0x4)
[    4.435840] Performance Events: unsupported p6 CPU model 76 no PMU driver, software events only.
[    4.618913] KVM setup paravirtual spinlock
[    4.640642] x86: Booting SMP configuration:
[    4.651565] .... node  #0, CPUs:      #1
[    4.672089] kvm-clock: cpu 1, msr 0:3ffe3041, secondary cpu clock
[    4.682673] mce: CPU supports 0 MCE banks
[    4.688317] TSC synchronization [CPU#0 -> CPU#1]:
[    4.699228] Measured 148000 cycles TSC warp between CPUs, turning off TSC clock.
[    4.715624] tsc: Marking TSC unstable due to check_tsc_sync_source failed
[    0.825226] x86: Booted up 1 node, 2 CPUs
[    0.828021] smpboot: Total of 2 processors activated (6399.78 BogoMIPS)
[    0.848274] devtmpfs: initialized
[    0.862034] evm: security.selinux
[    0.864019] evm: security.SMACK64
[    0.868017] evm: security.SMACK64EXEC
[    0.872017] evm: security.SMACK64TRANSMUTE
[    0.880020] evm: security.SMACK64MMAP
[    0.884018] evm: security.ima
[    0.892017] evm: security.capability
[    0.904681] clocksource: jiffies: mask: 0xffffffff max_cycles: 0xffffffff, max_idle_ns: 7645041785100000 ns
[    0.908068] futex hash table entries: 512 (order: 3, 32768 bytes)
[    0.949506] pinctrl core: initialized pinctrl subsystem
[    0.977182] RTC time: 14:21:42, date: 12/16/20
[    1.003021] NET: Registered protocol family 16
[    1.028050] cpuidle: using governor ladder
[    1.048047] cpuidle: using governor menu
[    1.060033] PCCT header not found.
[    1.072203] ACPI: bus type PCI registered
[    1.084020] acpiphp: ACPI Hot Plug PCI Controller Driver version: 0.5
[    1.104682] PCI: Using configuration type 1 for base access
[    1.148009] ACPI: Added _OSI(Module Device)
[    1.160019] ACPI: Added _OSI(Processor Device)
[    1.172017] ACPI: Added _OSI(3.0 _SCP Extensions)
[    1.184017] ACPI: Added _OSI(Processor Aggregator Device)
[    1.203198] ACPI: Executed 1 blocks of module-level executable AML code
[    1.239195] ACPI: Interpreter enabled
[    1.252066] ACPI: (supports S0 S5)
[    1.264026] ACPI: Using IOAPIC for interrupt routing
[    1.281041] PCI: Using host bridge windows from ACPI; if necessary, use "pci=nocrs" and report a bug
[    1.329862] ACPI: PCI Root Bridge [PCI0] (domain 0000 [bus 00-ff])
[    1.356042] acpi PNP0A03:00: _OSC: OS supports [ASPM ClockPM Segments MSI]
[    1.382398] acpi PNP0A03:00: _OSC: not requesting OS control; OS requires [ExtendedConfig ASPM ClockPM MSI]
[    1.420059] acpi PNP0A03:00: fail to add MMCONFIG information, can't access extended PCI configuration space under this bridge.
[    1.461632] PCI host bridge to bus 0000:00
[    1.476027] pci_bus 0000:00: root bus resource [io  0x0000-0x0cf7 window]
[    1.496032] pci_bus 0000:00: root bus resource [io  0x0d00-0xffff window]
[    1.516029] pci_bus 0000:00: root bus resource [mem 0x000a0000-0x000bffff window]
[    1.540036] pci_bus 0000:00: root bus resource [mem 0x40000000-0xfdffffff window]
[    1.564028] pci_bus 0000:00: root bus resource [bus 00-ff]
[    1.591369] pci 0000:00:01.1: legacy IDE quirk: reg 0x10: [io  0x01f0-0x01f7]
[    1.612023] pci 0000:00:01.1: legacy IDE quirk: reg 0x14: [io  0x03f6]
[    1.628028] pci 0000:00:01.1: legacy IDE quirk: reg 0x18: [io  0x0170-0x0177]
[    1.648028] pci 0000:00:01.1: legacy IDE quirk: reg 0x1c: [io  0x0376]
[    1.788157] pci 0000:00:07.0: quirk: [io  0x4000-0x403f] claimed by PIIX4 ACPI
[    2.020147] pci 0000:00:07.0: quirk: [io  0x4100-0x410f] claimed by PIIX4 SMB
[    2.140294] ACPI: PCI Interrupt Link [LNKA] (IRQs 5 9 10 *11)
[    2.272096] ACPI: PCI Interrupt Link [LNKB] (IRQs 5 9 *10 11)
[    2.372615] ACPI: PCI Interrupt Link [LNKC] (IRQs 5 *9 10 11)
[    2.464503] ACPI: PCI Interrupt Link [LNKD] (IRQs 5 9 10 *11)
[    2.568931] ACPI: Enabled 2 GPEs in block 00 to 07
[    2.632884] vgaarb: setting as boot device: PCI:0000:00:02.0
[    2.636000] vgaarb: device added: PCI:0000:00:02.0,decodes=io+mem,owns=io+mem,locks=none
[    2.760024] vgaarb: loaded
[    2.792015] vgaarb: bridge control possible 0000:00:02.0
[    2.844518] SCSI subsystem initialized
[    2.892755] ACPI: bus type USB registered
[    2.936370] usbcore: registered new interface driver usbfs
[    2.972090] usbcore: registered new interface driver hub
[    2.992679] usbcore: registered new device driver usb
[    3.012909] PCI: Using ACPI for IRQ routing
[    3.026414] NetLabel: Initializing
[    3.036018] NetLabel:  domain hash size = 128
[    3.048019] NetLabel:  protocols = UNLABELED CIPSOv4
[    3.064056] NetLabel:  unlabeled traffic allowed by default
[    3.080359] amd_nb: Cannot enumerate AMD northbridges
[    3.096206] clocksource: Switched to clocksource kvm-clock
[    3.218801] AppArmor: AppArmor Filesystem Enabled
[    3.232500] pnp: PnP ACPI init
[    3.244169] pnp: PnP ACPI: found 3 devices
[    3.273022] clocksource: acpi_pm: mask: 0xffffff max_cycles: 0xffffff, max_idle_ns: 2085701024 ns
[    3.297310] NET: Registered protocol family 2
[    3.312033] TCP established hash table entries: 8192 (order: 4, 65536 bytes)
[    3.333278] TCP bind hash table entries: 8192 (order: 5, 131072 bytes)
[    3.353157] TCP: Hash tables configured (established 8192 bind 8192)
[    3.371736] UDP hash table entries: 512 (order: 2, 16384 bytes)
[    3.389273] UDP-Lite hash table entries: 512 (order: 2, 16384 bytes)
[    3.406612] NET: Registered protocol family 1
[    3.419467] pci 0000:00:00.0: Limiting direct PCI/PCI transfers
[    3.437439] pci 0000:00:01.0: Activating ISA DMA hang workarounds
[    3.454893] Unpacking initramfs...
[    4.384027] Freeing initrd memory: 14880K
[    4.384027] clocksource: tsc: mask: 0xffffffffffffffff max_cycles: 0x170ff2fc09b, max_idle_ns: 440795267654 ns
[    4.384027] platform rtc_cmos: registered platform RTC device (no PNP device found)
[    4.384027] Scanning for low memory corruption every 60 seconds
[    4.603519] audit: initializing netlink subsys (disabled)
[    4.627568] audit: type=2000 audit(1608128513.288:1): initialized
[    4.660894] Initialise system trusted keyring
[    4.691250] HugeTLB registered 2 MB page size, pre-allocated 0 pages
[    4.715155] zbud: loaded
[    4.730061] VFS: Disk quotas dquot_6.6.0
[    4.741160] VFS: Dquot-cache hash table entries: 512 (order 0, 4096 bytes)
[    4.744720] squashfs: version 4.0 (2009/01/31) Phillip Lougher
[    4.775549] fuse init (API version 7.23)
[    4.790052] Key type big_key registered
[    4.800719] Allocating IMA MOK and blacklist keyrings.
[    4.855509] Key type asymmetric registered
[    4.867217] Asymmetric key parser 'x509' registered
[    4.881418] Block layer SCSI generic (bsg) driver version 0.4 loaded (major 249)
[    4.906520] io scheduler noop registered
[    4.918500] io scheduler deadline registered (default)
[    4.932532] io scheduler cfq registered
[    4.942891] pci_hotplug: PCI Hot Plug PCI Core version: 0.5
[    4.959518] pciehp: PCI Express Hot Plug Controller Driver version: 0.4
[    4.978262] ACPI: AC Adapter [AC] (on-line)
[    4.989860] input: Power Button as /devices/LNXSYSTM:00/LNXPWRBN:00/input/input0
[    4.993269] ACPI: Power Button [PWRF]
[    4.993269] input: Sleep Button as /devices/LNXSYSTM:00/LNXSLPBN:00/input/input1
[    4.993269] ACPI: Sleep Button [SLPF]
[    5.044717] GHES: HEST is not enabled!
[    5.057137] Serial: 8250/16550 driver, 32 ports, IRQ sharing enabled
[    5.137412] 00:02: ttyS0 at I/O 0x3f8 (irq = 4, base_baud = 115200) is a 16550A
[    5.170048] Linux agpgart interface v0.103
[    5.210774] loop: module loaded
[    5.228893] scsi host0: ata_piix
[    5.242310] scsi host1: ata_piix
[    5.252724] ata1: PATA max UDMA/33 cmd 0x1f0 ctl 0x3f6 bmdma 0xd000 irq 14
[    5.271209] ata2: PATA max UDMA/33 cmd 0x170 ctl 0x376 bmdma 0xd008 irq 15
[    5.291967] libphy: Fixed MDIO Bus: probed
[    5.309059] tun: Universal TUN/TAP device driver, 1.6
[    5.321676] tun: (C) 1999-2004 Max Krasnyansky <maxk@qualcomm.com>
[    5.339630] PPP generic driver version 2.4.2
[    5.353411] ehci_hcd: USB 2.0 'Enhanced' Host Controller (EHCI) Driver
[    5.375752] ehci-pci: EHCI PCI platform driver
[    5.395543] ehci-platform: EHCI generic platform driver
[    5.410865] ohci_hcd: USB 1.1 'Open' Host Controller (OHCI) Driver
[    5.429823] ohci-pci: OHCI PCI platform driver
[    5.499294] ohci-platform: OHCI generic platform driver
[    5.516539] uhci_hcd: USB Universal Host Controller Interface driver
[    5.533967] i8042: PNP: PS/2 Controller [PNP0303:PS2K,PNP0f03:PS2M] at 0x60,0x64 irq 1,12
[    5.576874] serio: i8042 KBD port at 0x60,0x64 irq 1
[    5.578576] serio: i8042 AUX port at 0x60,0x64 irq 12
[    5.605674] mousedev: PS/2 mouse device common for all mice
[    5.632206] input: AT Translated Set 2 keyboard as /devices/platform/i8042/serio0/input/input2
[    5.663084] rtc_cmos rtc_cmos: rtc core: registered rtc_cmos as rtc0
[    5.683913] rtc_cmos rtc_cmos: alarms up to one day, 114 bytes nvram
[    5.704369] i2c /dev entries driver
[    5.714005] device-mapper: uevent: version 1.0.3
[    5.726559] device-mapper: ioctl: 4.34.0-ioctl (2015-10-28) initialised: dm-devel@redhat.com
[    5.759468] ledtrig-cpu: registered to indicate activity on CPUs
[    5.792991] NET: Registered protocol family 10
[    5.809736] NET: Registered protocol family 17
[    5.822936] Key type dns_resolver registered
[    5.848073] registered taskstats version 1
[    5.861013] Loading compiled-in X.509 certificates
[    5.864804] Loaded X.509 cert 'Build time autogenerated kernel key: 12717d7bded22cc9f4c9021cf049cb5c0a2cb7b0'
[    5.864804] zswap: loaded using pool lzo/zbud
[    5.922754] Key type trusted registered
[    5.975022] Key type encrypted registered
[    5.988014] AppArmor: AppArmor sha1 policy hashing enabled
[    6.004863] ima: No TPM chip found, activating TPM-bypass!
[    6.019834] ima: Allocated hash algorithm: sha1
[    6.033944] evm: HMAC attrs: 0x1
[    6.045927]   Magic number: 0:547:384
[    6.057974] rtc_cmos rtc_cmos: setting system clock to 2020-12-16 14:21:47 UTC (1608128507)
[    6.083693] BIOS EDD facility v0.16 2004-Jun-25, 0 devices found
[    6.101523] EDD information not available.
[    6.124688] Freeing unused kernel memory: 1492K
[    6.124688] Write protecting the kernel read-only data: 14336k
[    6.158370] Freeing unused kernel memory: 1588K
[    6.172852] Freeing unused kernel memory: 56K
Loading, please wait...
starting version 229
[    6.339806] random: systemd-udevd: uninitialized urandom read (16 bytes read, 6 bits of entropy available)
[    6.342900] random: udevadm: uninitialized urandom read (16 bytes read, 6 bits of entropy available)
[    6.343003] random: udevadm: uninitialized urandom read (16 bytes read, 6 bits of entropy available)
[    6.429291] random: systemd-udevd: uninitialized urandom read (16 bytes read, 6 bits of entropy available)
[    6.431131] random: udevadm: uninitialized urandom read (16 bytes read, 6 bits of entropy available)
[    6.431298] random: udevadm: uninitialized urandom read (16 bytes read, 6 bits of entropy available)
[    6.432991] random: udevadm: uninitialized urandom read (16 bytes read, 6 bits of entropy available)
[    6.433308] random: udevadm: uninitialized urandom read (16 bytes read, 6 bits of entropy available)
[    6.433779] random: udevadm: uninitialized urandom read (16 bytes read, 6 bits of entropy available)
[    6.434153] random: udevadm: uninitialized urandom read (16 bytes read, 6 bits of entropy available)
[    6.921821] e1000: Intel(R) PRO/1000 Network Driver - version 7.3.21-k8-NAPI
[    6.953027] e1000: Copyright (c) 1999-2006 Intel Corporation.
[    7.004496] Fusion MPT base driver 3.04.20
[    7.025630] Copyright (c) 1999-2008 LSI Corporation
[    7.190550] Fusion MPT SPI Host driver 3.04.20
[    7.404995] input: ImExPS/2 Generic Explorer Mouse as /devices/platform/i8042/serio1/input/input4
[    8.749814] e1000 0000:00:03.0 eth0: (PCI:33MHz:32-bit) 02:e0:65:d0:24:0e
[    8.773680] e1000 0000:00:03.0 eth0: Intel(R) PRO/1000 Network Connection
[    8.830858] e1000 0000:00:03.0 enp0s3: renamed from eth0
[    8.855128] mptbase: ioc0: Initiating bringup
[    8.955477] ioc0: LSI53C1030 A0: Capabilities={Initiator}
[    9.203876] scsi host2: ioc0: LSI53C1030 A0, FwRev=00000000h, Ports=1, MaxQ=256, IRQ=20
[    9.371232] scsi 2:0:0:0: Direct-Access     VBOX     HARDDISK         1.0  PQ: 0 ANSI: 5
[    9.417551] scsi target2:0:0: Beginning Domain Validation
[    9.459261] scsi target2:0:0: Domain Validation skipping write tests
[    9.476323] scsi target2:0:0: Ending Domain Validation
[    9.489802] scsi target2:0:0: asynchronous
[    9.510258] scsi 2:0:1:0: Direct-Access     VBOX     HARDDISK         1.0  PQ: 0 ANSI: 5
[    9.530958] scsi target2:0:1: Beginning Domain Validation
[    9.569598] scsi target2:0:1: Domain Validation skipping write tests
[    9.586400] scsi target2:0:1: Ending Domain Validation
[    9.599562] scsi target2:0:1: asynchronous
[    9.764583] sd 2:0:0:0: Attached scsi generic sg0 type 0
[    9.782300] sd 2:0:0:0: [sda] 20971520 512-byte logical blocks: (10.7 GB/10.0 GiB)
[    9.807552] sd 2:0:1:0: Attached scsi generic sg1 type 0
[    9.830934] sd 2:0:1:0: [sdb] 20480 512-byte logical blocks: (10.5 MB/10.0 MiB)
[    9.868578] sd 2:0:0:0: [sda] Write Protect is off
[    9.871967] sd 2:0:1:0: [sdb] Write Protect is off
[    9.875046] sd 2:0:1:0: [sdb] Incomplete mode parameter data
[    9.875075] sd 2:0:1:0: [sdb] Assuming drive cache: write through
[    9.931605] sd 2:0:1:0: [sdb] Attached SCSI disk
[    9.953821] sd 2:0:0:0: [sda] Incomplete mode parameter data
[    9.969236] sd 2:0:0:0: [sda] Assuming drive cache: write through
[   10.014180]  sda: sda1
[   10.033310] sd 2:0:0:0: [sda] Attached SCSI disk
Begin: Loading essential drivers ... [   13.667472] md: linear personality registered for level -1
[   13.713386] md: multipath personality registered for level -4
[   13.755022] md: raid0 personality registered for level 0
[   13.838796] md: raid1 personality registered for level 1
[   15.622895] raid6: sse2x1   gen() 16476 MB/s
[   17.627251] raid6: sse2x1   xor() 40932 MB/s
[   18.622057] raid6: sse2x2   gen()  7982 MB/s
[   18.703623] raid6: sse2x2   xor()  2680 MB/s
[   18.789414] raid6: sse2x4   gen()   570 MB/s
[   19.620772] raid6: sse2x4   xor()  9264 MB/s
[   19.635760] raid6: using algorithm sse2x1 gen() 16476 MB/s
[   19.653689] raid6: .... xor() 40932 MB/s, rmw enabled
[   19.667483] raid6: using ssse3x2 recovery algorithm
[   19.690416] xor: measuring software checksum speed
[   19.744626]    prefetch64-sse:  6993.000 MB/sec
[   19.797237]    generic_sse:  6942.000 MB/sec
[   19.810916] xor: using function: prefetch64-sse (6993.000 MB/sec)
[   19.837393] async_tx: api initialized (async)
[   19.975959] md: raid6 personality registered for level 6
[   19.991858] md: raid5 personality registered for level 5
[   20.007180] md: raid4 personality registered for level 4
[   20.090870] md: raid10 personality registered for level 10
done.
Begin: Running /scripts/init-premount ... done.
Begin: Mounting root file system ... Begin: Running /scripts/local-top ... done.
Begin: Running /scripts/local-premount ... [   20.363913] Btrfs loaded
Scanning for Btrfs filesystems
done.
Warning: fsck not present, so skipping root file system
[   20.806405] EXT4-fs (sda1): mounted filesystem with ordered data mode. Opts: (null)
done.
Begin: Running /scripts/local-bottom ... done.
Begin: Running /scripts/init-bottom ... done.
[   21.302282] random: nonblocking pool is initialized
[   22.303137] systemd[1]: systemd 229 running in system mode. (+PAM +AUDIT +SELINUX +IMA +APPARMOR +SMACK +SYSVINIT +UTMP +LIBCRYPTSETUP +GCRYPT +GNUTLS +ACL +XZ -LZ4 +SECCOMP +BLKID +ELFUTILS +KMOD -IDN)
[   22.350971] systemd[1]: Detected virtualization oracle.
[   22.354523] systemd[1]: Detected architecture x86-64.

Welcome to [1mUbuntu 16.04.7 LTS[0m!

[   22.481427] systemd[1]: Set hostname to <ubuntu>.
[   22.595759] systemd[1]: Initializing machine ID from random generator.
[   22.627722] systemd[1]: Installed transient /etc/machine-id file.
[   24.532186] systemd[1]: Listening on LVM2 metadata daemon socket.
[[0;32m  OK  [0m] Listening on LVM2 metadata daemon socket.
[   24.559987] systemd[1]: Listening on udev Kernel Socket.
[[0;32m  OK  [0m] Listening on udev Kernel Socket.
[   24.584336] systemd[1]: Created slice User and Session Slice.
[[0;32m  OK  [0m] Created slice User and Session Slice.
[   24.618906] systemd[1]: Started Forward Password Requests to Wall Directory Watch.
[[0;32m  OK  [0m] Started Forward Password Requests to Wall Directory Watch.
[   24.659432] systemd[1]: Reached target System Time Synchronized.
[[0;32m  OK  [0m] Reached target System Time Synchronized.
[   24.684604] systemd[1]: Reached target Encrypted Volumes.
[[0;32m  OK  [0m] Reached target Encrypted Volumes.
[   24.710163] systemd[1]: Listening on Device-mapper event daemon FIFOs.
[[0;32m  OK  [0m] Listening on Device-mapper event daemon FIFOs.
[   24.738404] systemd[1]: Reached target User and Group Name Lookups.
[[0;32m  OK  [0m] Reached target User and Group Name Lookups.
[   24.778696] systemd[1]: Listening on LVM2 poll daemon socket.
[[0;32m  OK  [0m] Listening on LVM2 poll daemon socket.
[   24.803775] systemd[1]: Listening on udev Control Socket.
[[0;32m  OK  [0m] Listening on udev Control Socket.
[   24.831120] systemd[1]: Listening on Journal Socket (/dev/log).
[[0;32m  OK  [0m] Listening on Journal Socket (/dev/log).
[   24.859470] systemd[1]: Listening on /dev/initctl Compatibility Named Pipe.
[[0;32m  OK  [0m] Listening on /dev/initctl Compatibility Named Pipe.
[   24.892333] systemd[1]: Listening on Syslog Socket.
[[0;32m  OK  [0m] Listening on Syslog Socket.
[   24.929411] systemd[1]: Started Trigger resolvconf update for networkd DNS.
[[0;32m  OK  [0m] Started Trigger resolvconf update for networkd DNS.
[   24.961445] systemd[1]: Created slice System Slice.
[[0;32m  OK  [0m] Created slice System Slice.
[   24.992237] systemd[1]: Created slice system-serial\x2dgetty.slice.
[[0;32m  OK  [0m] Created slice system-serial\x2dgetty.slice.
[   25.018352] systemd[1]: Set up automount Arbitrary Executable File Formats File System Automount Point.
[[0;32m  OK  [0m] Set up automount Arbitrary Executab...ats File System Automount Point.
[   25.058198] systemd[1]: Reached target Swap.
[[0;32m  OK  [0m] Reached target Swap.
[   25.078770] systemd[1]: Reached target Slices.
[[0;32m  OK  [0m] Reached target Slices.
[   25.099595] systemd[1]: Listening on Journal Audit Socket.
[[0;32m  OK  [0m] Listening on Journal Audit Socket.
[   25.125680] systemd[1]: Listening on Journal Socket.
[[0;32m  OK  [0m] Listening on Journal Socket.
[   25.161052] systemd[1]: Starting Uncomplicated firewall...
         Starting Uncomplicated firewall...
[   25.190450] systemd[1]: Starting Create list of required static device nodes for the current kernel...
         Starting Create list of required st... nodes for the current kernel...
[   25.273285] systemd[1]: Starting Remount Root and Kernel File Systems...
         Starting Remount Root and Kernel File Systems...
[   25.326369] systemd[1]: Starting Load Kernel Modules...
[   25.346939] EXT4-fs (sda1): re-mounted. Opts: (null)
         Starting Load Kernel Modules...
[   25.386844] systemd[1]: Starting Monitoring of LVM2 mirrors, snapshots etc. using dmeventd or progress polling...
         Starting Monitoring of LVM2 mirrors... dmeventd or progress polling...
[   25.441088] systemd[1]: Starting Journal Service...
         Starting Journal Service...
[   25.477924] systemd[1]: Starting Nameserver information manager...
         [   25.541142] Loading iSCSI transport class v2.0-870.
Starting Nameserver information manager...
[   25.591665] systemd[1]: Mounting POSIX Message Queue File System...
         Mounting POSIX Message Queue File System...
[   25.655481] systemd[1]: Mounting Huge Pages File System...
         Mounting Huge Pages File System...
[   25.706187] systemd[1]: Starting Set console keymap...
         [   25.738979] iscsi: registered transport (tcp)
Starting Set console keymap...
[   25.772982] systemd[1]: Mounting Debug File System...
         Mounting Debug File System...
[   25.838307] systemd[1]: Mounted Huge Pages File System.
[[0;32m  OK  [0m] Mounted Huge Pages File System.
[   25.879501] systemd[1]: Mounted Debug File System.
[[0;32m  OK  [0m] Mounted Debug File System.
[   25.923366] systemd[1]: Mounted POSIX Message Queue File System.
[[0;32m  OK  [0m] Mounted POSIX Message Queue File System.
[   25.967894] systemd[1]: Started Uncomplicated firewall.
[[0;32m  OK  [0m] Started Uncomplicated firewall.
[   26.024838] systemd[1]: Started Create list of required static device nodes for the current kernel.
[[0;32m  OK  [0m] Started Create list of required sta...ce nodes for the current kernel.
[   26.088896] systemd[1]: Started Remount Root and Kernel File Systems.
[[0;32m  OK  [0m] Started Remount Root and Kernel File Systems.
[   26.208212] systemd[1]: Started Journal Service.
[[0;32m  OK  [0m] Started Journal Service.
[[0;32m  OK  [0m] Started LVM2 metadata daemon.
         Starting Load/Save Random Seed...
[   26.499736] iscsi: registered transport (iser)
         Starting udev Coldplug all Devices...
         Starting Flush Journal to Persistent Storage...
         Starting Create Static Device Nodes in /dev...
[[0;32m  OK  [0m] Started Load Kernel Modules.
[[0;32m  OK  [0m] Started Set console keymap.
[[0;32m  OK  [0m] Started Nameserver information manager.
[[0;32m  OK  [0m] Started Load/Save Random Seed.
[   26.857223] systemd-journald[369]: Received request to flush runtime journal from PID 1
         Starting Apply Kernel Variables...
         Mounting FUSE Control File System...
[[0;32m  OK  [0m] Mounted FUSE Control File System.
[[0;32m  OK  [0m] Started Monitoring of LVM2 mirrors,...ng dmeventd or progress polling.
[[0;32m  OK  [0m] Started Flush Journal to Persistent Storage.
[[0;32m  OK  [0m] Started udev Coldplug all Devices.
[[0;32m  OK  [0m] Started Apply Kernel Variables.
[[0;32m  OK  [0m] Started Create Static Device Nodes in /dev.
         Starting udev Kernel Device Manager...
[[0;32m  OK  [0m] Reached target Local File Systems (Pre).
[[0;32m  OK  [0m] Reached target Local File Systems.
         Starting Create Volatile Files and Directories...
         Starting Tell Plymouth To Write Out Runtime Data...
         Starting Initial cloud-init job (pre-networking)...
         Starting Commit a transient machine-id on disk...
         Starting LSB: AppArmor initialization...
         Starting Set console font and keymap...
[[0;32m  OK  [0m] Started Create Volatile Files and Directories.
[[0;32m  OK  [0m] Started Tell Plymouth To Write Out Runtime Data.
[[0;32m  OK  [0m] Started Commit a transient machine-id on disk.
         Starting Update UTMP about System Boot/Shutdown...
[[0;32m  OK  [0m] Started Update UTMP about System Boot/Shutdown.
[[0;32m  OK  [0m] Started udev Kernel Device Manager.
[[0;32m  OK  [0m] Started Dispatch Password Requests to Console Directory Watch.
[[0;32m  OK  [0m] Found device /dev/ttyS0.
[[0;32m  OK  [0m] Listening on Load/Save RF Kill Switch Status /dev/rfkill Watch.
[[0;32m  OK  [0m] Started Set console font and keymap.
[[0;32m  OK  [0m] Created slice system-getty.slice.
[[0;32m  OK  [0m] Started LSB: AppArmor initialization.
         Starting Load AppArmor profiles managed internally by snapd...
[[0;32m  OK  [0m] Started Load AppArmor profiles managed internally by snapd.
[   43.614071] cloud-init[459]: Cloud-init v. 20.3-2-g371b392c-0ubuntu1~16.04.1 running 'init-local' at Wed, 16 Dec 2020 14:22:23 +0000. Up 41.64 seconds.
[[0;32m  OK  [0m] Started Initial cloud-init job (pre-networking).
[[0;32m  OK  [0m] Reached target Network (Pre).
         Starting Raise network interfaces...
[[0;32m  OK  [0m] Started Raise network interfaces.
         Starting Initial cloud-init job (metadata service crawler)...
[[0;32m  OK  [0m] Reached target Network.
[   51.565101] cloud-init[949]: Cloud-init v. 20.3-2-g371b392c-0ubuntu1~16.04.1 running 'init' at Wed, 16 Dec 2020 14:22:28 +0000. Up 46.99 seconds.
[   51.588086] cloud-init[949]: ci-info: ++++++++++++++++++++++++++++++++++++++Net device info++++++++++++++++++++++++++++++++++++++
[   51.610770] cloud-init[949]: ci-info: +--------+------+----------------------------+---------------+--------+-------------------+
[   51.631960] cloud-init[949]: ci-info: | Device |  Up  |          Address           |      Mask     | Scope  |     Hw-Address    |
[   51.652339] cloud-init[949]: ci-info: +--------+------+----------------------------+---------------+--------+-------------------+
[   51.673203] cloud-init[949]: ci-info: | enp0s3 | True |         10.0.2.15          | 255.255.255.0 | global | 02:e0:65:d0:24:0e |
[   51.694505] cloud-init[949]: ci-info: | enp0s3 | True | fe80::e0:65ff:fed0:240e/64 |       .       |  link  | 02:e0:65:d0:24:0e |
[   51.714751] cloud-init[949]: ci-info: |   lo   | True |         127.0.0.1          |   255.0.0.0   |  host  |         .         |
[   51.759469] cloud-init[949]: ci-info: |   lo   | True |          ::1/128           |       .       |  host  |         .         |
[   51.834203] cloud-init[949]: ci-info: +--------+------+----------------------------+---------------+--------+-------------------+
[   51.863707] cloud-init[949]: ci-info: +++++++++++++++++++++++++++Route IPv4 info++++++++++++++++++++++++++++
[   51.892973] cloud-init[949]: ci-info: +-------+-------------+----------+---------------+-----------+-------+
[   51.917734] cloud-init[949]: ci-info: | Route | Destination | Gateway  |    Genmask    | Interface | Flags |
[   51.942884] cloud-init[949]: ci-info: +-------+-------------+----------+---------------+-----------+-------+
[   51.971388] cloud-init[949]: ci-info: |   0   |   0.0.0.0   | 10.0.2.2 |    0.0.0.0    |   enp0s3  |   UG  |
[   51.999905] cloud-init[949]: ci-info: |   1   |   10.0.2.0  | 0.0.0.0  | 255.255.255.0 |   enp0s3  |   U   |
[   52.032354] cloud-init[949]: ci-info: +-------+-------------+----------+---------------+-----------+-------+
[   52.055628] cloud-init[949]: ci-info: +++++++++++++++++++Route IPv6 info+++++++++++++++++++
[   52.076874] cloud-init[949]: ci-info: +-------+-------------+---------+-----------+-------+
[   52.102154] cloud-init[949]: ci-info: | Route | Destination | Gateway | Interface | Flags |
[   52.128640] cloud-init[949]: ci-info: +-------+-------------+---------+-----------+-------+
[   52.152040] cloud-init[949]: ci-info: |   0   |  fe80::/64  |    ::   |   enp0s3  |   U   |
[   52.172281] cloud-init[949]: ci-info: |   4   |   ff00::/8  |    ::   |   enp0s3  |   U   |
[   52.195475] cloud-init[949]: ci-info: +-------+-------------+---------+-----------+-------+
[   52.222370] cloud-init[949]: Generating public/private rsa key pair.
[   52.244688] cloud-init[949]: Your identification has been saved in /etc/ssh/ssh_host_rsa_key.
[   52.268303] cloud-init[949]: Your public key has been saved in /etc/ssh/ssh_host_rsa_key.pub.
[   52.287505] cloud-init[949]: The key fingerprint is:
[   52.304725] cloud-init[949]: SHA256:UP0iE32XHWFugoJZPL17ue6XrPMnmqgZsBNdvyvqKLw root@ubuntu-xenial
[   52.324827] cloud-init[949]: The key's randomart image is:
[   52.345302] cloud-init[949]: +---[RSA 2048]----+
[   52.361944] cloud-init[949]: |        o+.    *o|
[   52.384269] cloud-init[949]: |       .=oo.o = .|
[   52.399930] cloud-init[949]: |      .o oo+.o o |
[   52.415839] cloud-init[949]: |       oo.oo. o  |
[[0;32m  OK  [0m] Started Initial cloud-init job (metadata service crawler).
[[0;32m  OK  [0m] Reached target System Initialization.
[[   52.431047] cloud-init[949]: |      o So .o .  |
[   52.450561] [0;32m  OK  [0m] Listening on D-Bus System Message Bus Socket.
         Starting Socket activation for snappy daemon.
[cloud-init[949]: |       +   . +   |
[   52.475214] cloud-init[949]: |   .  o .   o o .|
[   52.475443] cloud-init[949]: |    o  o o.. =.+.|
[0;32m  OK  [0m[   52.475645] ] cloud-init[949]: |    Eo..=o..*==o.|
Started Daily Cleanup of Temporary Directories.[   52.498640] 
cloud-init[949]: +----[SHA256]-----+
[   52.516212] cloud-init[949]: Generating public/private dsa key pair.
[[0;32m  OK  [0m] Started ACPI Events Check.
[   52.545269] cloud-init[949]: Your identification has been saved in /etc/ssh/ssh_host_dsa_key.
[[0;32m  OK  [0m] Reached target Paths.
[   52.577376] cloud-init[949]: Your public key has been saved in /etc/ssh/ssh_host_dsa_key.pub.
[[0;32m  OK  [0m] Started Daily apt download activities.
[   52.609501] cloud-init[949]: The key fingerprint is:
[   52.633211] cloud-init[949]: SHA256:jrHa7SKlycCupQmcVveajU4tklyL45durEhcmp8zkRA root@ubuntu-xenial
[[0;32m  OK  [0m] Started Daily apt upgrade and clean activities.
[   52.661667] cloud-init[949]: The key's randomart image is:
[   52.683334] cloud-init         Starting LXD - unix socket.
[[0;32m  OK  [0m] Started Message of the Day.
[[0;32m  OK  [0m] Reached target Timers.
[[0;32m  OK  [0m] Listening on UUID daemon activation socket.
[[0;32m  OK  [0m] Listening on ACPID Listen Socket.
[[0;32m  OK  [0m] Reached target Network is Online.
[949]: +---[DSA 1024]----+
[   52.737997] cloud-init         Starting iSCSI initiator daemon (iscsid)...
[[0;32m  OK  [0m] Reached target Cloud-config availability.
[[0;32m  OK  [0m] Listening on Socket activation for snappy daemon.
[[0;32m  OK  [0m] [949]: |                 |
Listening on LXD - unix socket.
[[0;32m  OK  [0m] Reached target Sockets.
[[0;32m  OK  [0m] Reached target Basic System.
[   52.810393]          Starting LSB: MD monitoring daemon...
cloud-init[949]: | E               |
         Starting Pollinate to seed the pseudo random number generator...
[   52.916963] [[0;32m  OK  [0m] Started D-Bus System Message Bus.
cloud-init[949]: |  .              |
[   53.002958] cloud-init[949]: | .               |
[   53.027412] cloud-init[949]: | ..o.o. S        |
[   53.075755] cloud-init[949]: |o Xo= ==         |
[   53.099393] cloud-init[949]: |.X.OoB+o.        |
[   53.138061] cloud-init[949]: |++=oXBB.         |
[   53.167160] cloud-init[949]: |+o =XB.+o        |
[   53.195131] cloud-init[949]: +----[SHA256]-----+
[   53.226916] cloud-init[949]: Generating public/private ecdsa key pair.
[   53.262925] cloud-init[949]: Your identification has been saved in /etc/ssh/ssh_host_ecdsa_key.
[   53.294613] cloud-init[949]: Your public key has been saved in /etc/ssh/ssh_host_ecdsa_key.pub.
[   53.342475] cloud-init[949]: The key fingerprint is:
[   53.397501] cloud-init[949]: SHA256:lkprKqdz7/ceSsCNj8xbAmA8MZyz3kzLSvRG8/mpBxg root@ubuntu-xenial
[   53.438632] cloud-init[949]: The key's randomart image is:
[   53.475682] cloud-init[949]: +---[ECDSA 256]---+
[   53.515594] cloud-init[949]: | .o.             |
[   53.556459] cloud-init[949]: | .+o             |
[   53.599526] cloud-init[949]: |  =o             |
[   53.629605] cloud-init[949]: | .ooE. o .       |
         Starting Accounts Service...
[   53.656350] cloud-init[949]:          Starting LSB: Record successful boot for GRUB...
| o B.*=.S        |
[   53.786972] cloud-init[949]: |  o O=+B         |
         Starting Login Service...
[   53.907794] cloud-init[949]: | . o  Oo+..      |         Starting /etc/rc.local Compatibility...

[   53.990642] cloud-init[949]: |  + oo ==. .     |
[   54.021813] [[0;32m  OK  [0m] Started ACPI event daemon.
cloud-init[[0;32m  OK  [0m] Started Deferred execution scheduler.
[949]: |  .*.o=+.oo      |
[[0;32m  OK  [0m] Started Regular background program processing daemon.
[   54.117935] cloud-init[949]: +----[SHA256]-----+
         Starting System Logging Service...
[   54.183349]          Starting LXD - container startup/shutdown...
[[0;32m  OK  [0m] Started FUSE filesystem for LXC.
         Starting Virtualbox guest utils...
cloud-init[949]: Generating public/private ed25519 key pair.
[   54.286699] cloud-init[949]: Your identification has been saved in /etc/ssh/ssh_host_ed25519_key.
[   54.332077] cloud-init[949]: Your public key has been saved in /etc/ssh/ssh_host_ed25519_key.pub.
[   54.366147] cloud-init[949]:          The key fingerprint is:Starting Snap Daemon...

[   54.441190] cloud-init[949]: SHA256:uS1T5J8vgGopgC/7ojg3hxTAeExmIjoHH657VmlYQD8 root@ubuntu-xenial
[   54.481066] cloud-init[949]: The key's randomart image is:
[   54.514093] cloud-init[949]: [[0;32m  OK  [0m] Started /etc/rc.local Compatibility.
+--[ED25519 256]--+
[   54.589896] cloud-init[949]: |*+B              |
[   54.630887] cloud-init[949]: [[0;32m  OK  [0m] Started Login Service.
|=Oo+             |
[[0;32m  OK  [0m] Started Unattended Upgrades Shutdown.
[   54.701828] cloud-init[949]: |oo+ E     .      |
[   54.761496] cloud-init[949]: | +.o o   +       |
[   54.804658] cloud-init[949]: |....+   S.o      |
[[0;32m  OK  [0m] Started iSCSI initiator daemon (iscsid).
[   54.848176] cloud-init[949]: |..oo    .+.. .   |
         Starting Login to default iSCSI targets...
[   54.899666] cloud-init[949]: |.ooo   o+ ..o    |
[   54.990078] cloud-init[949]: |=o= o +  o  ..   |
[   55.031528] cloud-init[949]: |=B.o o       ..  |
[   55.061986] cloud-init[949]: +----[SHA256]-----+
[[0;32m  OK  [0m] Started LSB: Record successful boot for GRUB.
[[0;32m  OK  [0m] Started Login to default iSCSI targets.
[[0;32m  OK  [0m] Reached target Remote File Systems (Pre).
[[0;32m  OK  [0m] Reached target Remote File Systems.
         Starting LSB: automatic crash report generation...
         Starting LSB: daemon to balance interrupts for SMP systems...
         Starting Permit User Sessions...
         Starting LSB: Set the CPU Frequency Scaling governor to "ondemand"...
[[0;32m  OK  [0m] Started LSB: MD monitoring daemon.
         Starting Authenticate and Authorize Users to Run Privileged Tasks...
[[0;32m  OK  [0m] Started Permit User Sessions.
         Starting Hold until boot process finishes up...
         Starting Terminate Plymouth Boot Screen...
[[0;32m  OK  [0m] Started System Logging Service.
[[0;32m  OK  [0m] Started Hold until boot process finishes up.
[[0;32m  OK  [0m] Started Getty on tty1.
[[0;32m  OK  [0m] Started Serial Getty on ttyS0.
[[0;32m  OK  [0m] Reached target Login Prompts.
         Starting Set console scheme...
[[0;32m  OK  [0m] Started Terminate Plymouth Boot Screen.
[[0;32m  OK  [0m] Started Set console scheme.
[[0;32m  OK  [0m] Started LSB: Set the CPU Frequency Scaling governor to "ondemand".
[[0;32m  OK  [0m] Started LSB: automatic crash report generation.
[[0;32m  OK  [0m] Started LSB: daemon to balance interrupts for SMP systems.
[[0;32m  OK  [0m] Started Virtualbox guest utils.
[[0;32m  OK  [0m] Started Authenticate and Authorize Users to Run Privileged Tasks.
[[0;32m  OK  [0m] Started Accounts Service.
[[0;32m  OK  [0m] Started Pollinate to seed the pseudo random number generator.
         Starting OpenBSD Secure Shell server...
[[0;32m  OK  [0m] Started LXD - container startup/shutdown.
[[0;32m  OK  [0m] Started OpenBSD Secure Shell server.

Ubuntu 16.04.7 LTS ubuntu-xenial ttyS0

ubuntu-xenial login: [   75.340560] cloud-init[1405]: Generating locales (this might take a while)...
[   82.059943] cloud-init[1405]:   en_US.UTF-8... done
[   82.070034] cloud-init[1405]: Generation complete.
[   86.185745] cloud-init[1405]: Cloud-init v. 20.3-2-g371b392c-0ubuntu1~16.04.1 running 'modules:config' at Wed, 16 Dec 2020 14:22:55 +0000. Up 74.11 seconds.
ci-info: no authorized SSH keys fingerprints found for user ubuntu.
<14>Dec 16 14:23:10 ec2: 
<14>Dec 16 14:23:10 ec2: #############################################################
<14>Dec 16 14:23:10 ec2: -----BEGIN SSH HOST KEY FINGERPRINTS-----
<14>Dec 16 14:23:10 ec2: 1024 SHA256:jrHa7SKlycCupQmcVveajU4tklyL45durEhcmp8zkRA root@ubuntu-xenial (DSA)
<14>Dec 16 14:23:10 ec2: 256 SHA256:lkprKqdz7/ceSsCNj8xbAmA8MZyz3kzLSvRG8/mpBxg root@ubuntu-xenial (ECDSA)
<14>Dec 16 14:23:10 ec2: 256 SHA256:uS1T5J8vgGopgC/7ojg3hxTAeExmIjoHH657VmlYQD8 root@ubuntu-xenial (ED25519)
<14>Dec 16 14:23:10 ec2: 2048 SHA256:UP0iE32XHWFugoJZPL17ue6XrPMnmqgZsBNdvyvqKLw root@ubuntu-xenial (RSA)
<14>Dec 16 14:23:10 ec2: -----END SSH HOST KEY FINGERPRINTS-----
<14>Dec 16 14:23:10 ec2: #############################################################
-----BEGIN SSH HOST KEY KEYS-----
ecdsa-sha2-nistp256 AAAAE2VjZHNhLXNoYTItbmlzdHAyNTYAAAAIbmlzdHAyNTYAAABBBJCa8HrAUfIg3BubQoqaAXSOfeHnNOkiYLioBhIJ6t5Ad4lAbC6Wav44zTXwqMqFbAh1gn40GK1MhqNKeRcgGNo= root@ubuntu-xenial
ssh-ed25519 AAAAC3NzaC1lZDI1NTE5AAAAIJzdCvTyhl4XX+nFxc+T5ink3sRagbXm6p9M+pV9/1NB root@ubuntu-xenial
ssh-rsa AAAAB3NzaC1yc2EAAAADAQABAAABAQDre0nTV7hDQgA8y++yrTUMG6uauX2WV9OrWaRvDyWZV/hlzhr4BMRZOqM80iQbgEfTmSX40xfMuxmcZhsqmgofiPa4WGcEtQsgmmlFz+KTwPX1JvDmDjeVDd3AUic+sdaivVCIv20/NS8xQBtFVkHfyFMWNbVXJ2KPeVwYPwV6jf9Ijii38WIEVl64jTqPme5H1CmpDtPFj0xGlxiBEtpaLJUZkEAJAajcYN3rlPMd0134u61dWUH/OAqNA12tUgjbbwD5/zOK2DfKpF6DmeMhPH+vqs4b80Jp5KU7T1q5HZoqNChhyW+oZkDiy9ALrc8Lggy9k/6tubCXzcTuZKKN root@ubuntu-xenial
-----END SSH HOST KEY KEYS-----
[   89.569513] cloud-init[1604]: Cloud-init v. 20.3-2-g371b392c-0ubuntu1~16.04.1 running 'modules:final' at Wed, 16 Dec 2020 14:23:09 +0000. Up 88.42 seconds.
[   89.570837] cloud-init[1604]: ci-info: no authorized SSH keys fingerprints found for user ubuntu.
[   89.608135] cloud-init[1604]: Cloud-init v. 20.3-2-g371b392c-0ubuntu1~16.04.1 finished at Wed, 16 Dec 2020 14:23:10 +0000. Datasource DataSourceNoCloud [seed=/dev/sdb][dsmode=net].  Up 89.47 seconds
